Determining if the pthread_create exist failed with the following output:
Change Dir: /home/newt/Desktop/moorebot-scout/ros/scout_melodic_ws/build_isolated/roller_eye/CMakeFiles/CMakeTmp

Run Build Command:"/usr/bin/make" "cmTC_da28d/fast"
/usr/bin/make -f CMakeFiles/cmTC_da28d.dir/build.make CMakeFiles/cmTC_da28d.dir/build
make[1]: Entering directory '/home/newt/Desktop/moorebot-scout/ros/scout_melodic_ws/build_isolated/roller_eye/CMakeFiles/CMakeTmp'
Building C object CMakeFiles/cmTC_da28d.dir/CheckSymbolExists.c.o
/usr/bin/cc    -o CMakeFiles/cmTC_da28d.dir/CheckSymbolExists.c.o   -c /home/newt/Desktop/moorebot-scout/ros/scout_melodic_ws/build_isolated/roller_eye/CMakeFiles/CMakeTmp/CheckSymbolExists.c
Linking C executable cmTC_da28d
/usr/bin/cmake -E cmake_link_script CMakeFiles/cmTC_da28d.dir/link.txt --verbose=1
/usr/bin/cc      -rdynamic CMakeFiles/cmTC_da28d.dir/CheckSymbolExists.c.o  -o cmTC_da28d 
CMakeFiles/cmTC_da28d.dir/CheckSymbolExists.c.o: In function `main':
CheckSymbolExists.c:(.text+0x1b): undefined reference to `pthread_create'
collect2: error: ld returned 1 exit status
CMakeFiles/cmTC_da28d.dir/build.make:97: recipe for target 'cmTC_da28d' failed
make[1]: *** [cmTC_da28d] Error 1
make[1]: Leaving directory '/home/newt/Desktop/moorebot-scout/ros/scout_melodic_ws/build_isolated/roller_eye/CMakeFiles/CMakeTmp'
Makefile:126: recipe for target 'cmTC_da28d/fast' failed
make: *** [cmTC_da28d/fast] Error 2

File /home/newt/Desktop/moorebot-scout/ros/scout_melodic_ws/build_isolated/roller_eye/CMakeFiles/CMakeTmp/CheckSymbolExists.c:
/* */
#include <pthread.h>

int main(int argc, char** argv)
{
  (void)argv;
#ifndef pthread_create
  return ((int*)(&pthread_create))[argc];
#else
  (void)argc;
  return 0;
#endif
}

Determining if the function pthread_create exists in the pthreads failed with the following output:
Change Dir: /home/newt/Desktop/moorebot-scout/ros/scout_melodic_ws/build_isolated/roller_eye/CMakeFiles/CMakeTmp

Run Build Command:"/usr/bin/make" "cmTC_b7bed/fast"
/usr/bin/make -f CMakeFiles/cmTC_b7bed.dir/build.make CMakeFiles/cmTC_b7bed.dir/build
make[1]: Entering directory '/home/newt/Desktop/moorebot-scout/ros/scout_melodic_ws/build_isolated/roller_eye/CMakeFiles/CMakeTmp'
Building C object CMakeFiles/cmTC_b7bed.dir/CheckFunctionExists.c.o
/usr/bin/cc   -DCHECK_FUNCTION_EXISTS=pthread_create   -o CMakeFiles/cmTC_b7bed.dir/CheckFunctionExists.c.o   -c /usr/share/cmake-3.10/Modules/CheckFunctionExists.c
Linking C executable cmTC_b7bed
/usr/bin/cmake -E cmake_link_script CMakeFiles/cmTC_b7bed.dir/link.txt --verbose=1
/usr/bin/cc  -DCHECK_FUNCTION_EXISTS=pthread_create    -rdynamic CMakeFiles/cmTC_b7bed.dir/CheckFunctionExists.c.o  -o cmTC_b7bed -lpthreads 
/usr/bin/ld: cannot find -lpthreads
collect2: error: ld returned 1 exit status
CMakeFiles/cmTC_b7bed.dir/build.make:97: recipe for target 'cmTC_b7bed' failed
make[1]: *** [cmTC_b7bed] Error 1
make[1]: Leaving directory '/home/newt/Desktop/moorebot-scout/ros/scout_melodic_ws/build_isolated/roller_eye/CMakeFiles/CMakeTmp'
Makefile:126: recipe for target 'cmTC_b7bed/fast' failed
make: *** [cmTC_b7bed/fast] Error 2


